Using pre-set license

 COMMAND LINE ARGUMENTS:
/Applications/Unity/Hub/Editor/2020.3.11f1/Unity.app/Contents/MacOS/Unity
-adb2
-batchMode
-noUpm
-name
AssetImportWorker1
-projectPath
/Users/kuba/Documents/gravity/Gravity
-logFile
Logs/AssetImportWorker1.log
-srvPort
62909
Successfully changed project path to: /Users/kuba/Documents/gravity/Gravity
/Users/kuba/Documents/gravity/Gravity
Using Asset Import Pipeline V2.
Refreshing native plugins compatible for Editor in 229.18 ms, found 2 plugins.
Preloading 0 native plugins for Editor in 0.00 ms.
Initialize engine version: 2020.3.11f1 (99c7afb366b3)
[Subsystems] Discovering subsystems at path /Applications/Unity/Hub/Editor/2020.3.11f1/Unity.app/Contents/Resources/UnitySubsystems
[Subsystems] Discovering subsystems at path /Users/kuba/Documents/gravity/Gravity/Assets
GfxDevice: creating device client; threaded=0
2021-06-13 18:37:07.705 Unity[13695:551860] Color LCD preferred device: Intel(R) Iris(TM) Graphics 6000 (low power)
2021-06-13 18:37:07.705 Unity[13695:551860] Metal devices available: 1
2021-06-13 18:37:07.705 Unity[13695:551860] 0: Intel(R) Iris(TM) Graphics 6000 (low power)
2021-06-13 18:37:07.705 Unity[13695:551860] Using device Intel(R) Iris(TM) Graphics 6000 (low power)
Initializing Metal device caps: Intel(R) Iris(TM) Graphics 6000
Initialize mono
Mono path[0] = '/Applications/Unity/Hub/Editor/2020.3.11f1/Unity.app/Contents/Managed'
Mono path[1] = '/Applications/Unity/Hub/Editor/2020.3.11f1/Unity.app/Contents/MonoBleedingEdge/lib/mono/unityjit'
Mono config path = '/Applications/Unity/Hub/Editor/2020.3.11f1/Unity.app/Contents/MonoBleedingEdge/etc'
Using monoOptions --debugger-agent=transport=dt_socket,embedding=1,server=y,suspend=n,address=127.0.0.1:56695
Begin MonoManager ReloadAssembly
Registering precompiled unity dll's ...
Register platform support module: /Applications/Unity/Hub/Editor/2020.3.11f1/Unity.app/Contents/PlaybackEngines/MacStandaloneSupport/UnityEditor.OSXStandalone.Extensions.dll
Registered in 0.002578 seconds.
Native extension for OSXStandalone target not found
Refreshing native plugins compatible for Editor in 116.91 ms, found 2 plugins.
Preloading 0 native plugins for Editor in 0.00 ms.
Mono: successfully reloaded assembly
- Completed reload, in 12.919 seconds
Platform modules already initialized, skipping
Registering precompiled user dll's ...
Registered in 0.017637 seconds.
Begin MonoManager ReloadAssembly
Native extension for OSXStandalone target not found
Refreshing native plugins compatible for Editor in 1.13 ms, found 2 plugins.
Preloading 0 native plugins for Editor in 0.00 ms.
Mono: successfully reloaded assembly
- Completed reload, in  3.315 seconds
Platform modules already initialized, skipping
========================================================================
Worker process is ready to serve import requests
Launching external process: /Applications/Unity/Hub/Editor/2020.3.11f1/Unity.app/Contents/Tools/UnityShaderCompiler
Launched and connected shader compiler UnityShaderCompiler after 0.07 seconds
Refreshing native plugins compatible for Editor in 0.98 ms, found 2 plugins.
Preloading 0 native plugins for Editor in 0.00 ms.
Unloading 2110 Unused Serialized files (Serialized files now loaded: 0)
System memory in use before: 173.6 MB.
System memory in use after: 173.6 MB.

Unloading 64 unused Assets to reduce memory usage. Loaded Objects now: 2511.
Total: 8.825757 ms (FindLiveObjects: 1.708125 ms CreateObjectMapping: 0.955220 ms MarkObjects: 5.879641 ms  DeleteObjects: 0.278844 ms)

========================================================================
Received Import Request.
  path: Assets/Images/logo_rounded.png
  artifactKey: Guid(1d16986eb3d56014788f3e7f89875c39) Importer(815301076,1909f56bfc062723c751e8b465ee728b)
Start importing Assets/Images/logo_rounded.png using Guid(1d16986eb3d56014788f3e7f89875c39) Importer(815301076,1909f56bfc062723c751e8b465ee728b)  -> (artifact id: 'a727881fe012a23281a9dc9fc77381c7') in 2.631802 seconds
  Import took 2.642046 seconds .

========================================================================
Received Prepare
Refreshing native plugins compatible for Editor in 138.50 ms, found 2 plugins.
Preloading 0 native plugins for Editor in 0.00 ms.
Unloading 53 Unused Serialized files (Serialized files now loaded: 0)
System memory in use before: 137.6 MB.
System memory in use after: 137.6 MB.

Unloading 53 unused Assets to reduce memory usage. Loaded Objects now: 2517.
Total: 181.981475 ms (FindLiveObjects: 8.567604 ms CreateObjectMapping: 0.343672 ms MarkObjects: 166.992411 ms  DeleteObjects: 6.075297 ms)

========================================================================
Received Import Request.
  Time since last request: 1265.873063 seconds.
  path: Assets/Scenes/Tutorial.unity
  artifactKey: Guid(3f6558a3194bf2a46b57940d0463f75c) Importer(815301076,1909f56bfc062723c751e8b465ee728b)
Start importing Assets/Scenes/Tutorial.unity using Guid(3f6558a3194bf2a46b57940d0463f75c) Importer(815301076,1909f56bfc062723c751e8b465ee728b)  -> (artifact id: 'c2ddfd3471225eab44e0b219c140897f') in 0.055395 seconds
  Import took 0.127030 seconds .

========================================================================
Received Prepare
Registering precompiled user dll's ...
Registered in 0.014274 seconds.
Begin MonoManager ReloadAssembly
Native extension for OSXStandalone target not found
Refreshing native plugins compatible for Editor in 1.25 ms, found 2 plugins.
Preloading 0 native plugins for Editor in 0.00 ms.
Mono: successfully reloaded assembly
- Completed reload, in  2.546 seconds
Platform modules already initialized, skipping
Switching build target platform(2) subTarget(0) extendedPlatform(0) -> platform(13) subTarget(537395200) extendedPlatform(0)
Refreshing native plugins compatible for Editor in 1.81 ms, found 2 plugins.
Preloading 0 native plugins for Editor in 0.00 ms.
Unloading 2063 Unused Serialized files (Serialized files now loaded: 0)
System memory in use before: 176.5 MB.
System memory in use after: 176.6 MB.

Unloading 55 unused Assets to reduce memory usage. Loaded Objects now: 2520.
Total: 22.146960 ms (FindLiveObjects: 3.303542 ms CreateObjectMapping: 0.372972 ms MarkObjects: 15.062740 ms  DeleteObjects: 3.404890 ms)

AssetImportParameters requested are different than current active one (requested -> active):
  custom:graphics/normal-map-encoding: 01000000000000000000000000000000 -> 02000000000000000000000000000000
========================================================================
Received Import Request.
  Time since last request: 605.202376 seconds.
  path: Assets/Scripts/Tutorial/PlayerTutorial.cs
  artifactKey: Guid(e7f219528c83f73409b33a8c2f51c876) Importer(815301076,1909f56bfc062723c751e8b465ee728b)
Start importing Assets/Scripts/Tutorial/PlayerTutorial.cs using Guid(e7f219528c83f73409b33a8c2f51c876) Importer(815301076,1909f56bfc062723c751e8b465ee728b)  -> (artifact id: '8399d9b5d82522ef39eb3835fd69a8e0') in 2.207405 seconds
  Import took 2.222235 seconds .

========================================================================
Received Import Request.
  Time since last request: 0.001143 seconds.
  path: Assets/Fonts/OCRAEXT.TTF
  artifactKey: Guid(f6b773f34dfcb5643a52a467a9b5a38d) Importer(815301076,1909f56bfc062723c751e8b465ee728b)
Start importing Assets/Fonts/OCRAEXT.TTF using Guid(f6b773f34dfcb5643a52a467a9b5a38d) Importer(815301076,1909f56bfc062723c751e8b465ee728b)  -> (artifact id: 'b15410b359c3453ec36d755aae698626') in 4.030603 seconds
  Import took 4.042578 seconds .

========================================================================
Received Import Request.
  Time since last request: 0.000462 seconds.
  path: Assets/Fonts/Roboto/Roboto-Bold.ttf
  artifactKey: Guid(1a2b1f201ee704e3f90d98306ffa84bf) Importer(815301076,1909f56bfc062723c751e8b465ee728b)
Start importing Assets/Fonts/Roboto/Roboto-Bold.ttf using Guid(1a2b1f201ee704e3f90d98306ffa84bf) Importer(815301076,1909f56bfc062723c751e8b465ee728b)  -> (artifact id: 'dd4ead36e960e24649393e5101d722d9') in 2.779029 seconds
  Import took 2.790529 seconds .

========================================================================
Received Import Request.
  Time since last request: 0.000633 seconds.
  path: Assets/Fonts/Roboto/Roboto-LightItalic.ttf
  artifactKey: Guid(f460310c343374784ac74e07004a2136) Importer(815301076,1909f56bfc062723c751e8b465ee728b)
Start importing Assets/Fonts/Roboto/Roboto-LightItalic.ttf using Guid(f460310c343374784ac74e07004a2136) Importer(815301076,1909f56bfc062723c751e8b465ee728b)  -> (artifact id: '5b08612ccc9950d9504a8ee0a11a4280') in 0.025659 seconds
  Import took 0.037991 seconds .

========================================================================
Received Import Request.
  Time since last request: 0.001897 seconds.
  path: Assets/Fonts/Roboto/Roboto-BlackItalic.ttf
  artifactKey: Guid(a92f558c0d8ff454498f2abd5b911e64) Importer(815301076,1909f56bfc062723c751e8b465ee728b)
Start importing Assets/Fonts/Roboto/Roboto-BlackItalic.ttf using Guid(a92f558c0d8ff454498f2abd5b911e64) Importer(815301076,1909f56bfc062723c751e8b465ee728b)  -> (artifact id: '2d9057acd446d76901ec2aafdd57c97f') in 0.029497 seconds
  Import took 0.039809 seconds .

========================================================================
Received Import Request.
  Time since last request: 0.000318 seconds.
  path: Assets/Fonts/Roboto/Roboto-Regular.ttf
  artifactKey: Guid(67b82fb1e29b84f84a6431ad431dddcd) Importer(815301076,1909f56bfc062723c751e8b465ee728b)
Start importing Assets/Fonts/Roboto/Roboto-Regular.ttf using Guid(67b82fb1e29b84f84a6431ad431dddcd) Importer(815301076,1909f56bfc062723c751e8b465ee728b)  -> (artifact id: '4cb3df5e946110f24c72fd3fa28b6d13') in 0.026826 seconds
  Import took 0.035584 seconds .

========================================================================
Received Import Request.
  Time since last request: 0.000395 seconds.
  path: Assets/Fonts/Roboto/Roboto-Thin.ttf
  artifactKey: Guid(a23f81ad4b3994af79dc559583a4bbee) Importer(815301076,1909f56bfc062723c751e8b465ee728b)
Start importing Assets/Fonts/Roboto/Roboto-Thin.ttf using Guid(a23f81ad4b3994af79dc559583a4bbee) Importer(815301076,1909f56bfc062723c751e8b465ee728b)  -> (artifact id: 'eadfdfabb768b2bb3762753ceeace50a') in 0.033461 seconds
  Import took 0.042098 seconds .

========================================================================
Received Import Request.
  Time since last request: 0.000334 seconds.
  path: Assets/Fonts/Roboto/Roboto-Italic.ttf
  artifactKey: Guid(e0a5c8e4d151747369e9e21e302d4c89) Importer(815301076,1909f56bfc062723c751e8b465ee728b)
Start importing Assets/Fonts/Roboto/Roboto-Italic.ttf using Guid(e0a5c8e4d151747369e9e21e302d4c89) Importer(815301076,1909f56bfc062723c751e8b465ee728b)  -> (artifact id: '0bc923ce818867b052f44397422ce652') in 0.030278 seconds
  Import took 0.041257 seconds .

========================================================================
Received Import Request.
  Time since last request: 0.000485 seconds.
  path: Assets/Fonts/Roboto/Roboto-Medium.ttf
  artifactKey: Guid(338b9c254d433482495028ed377884b7) Importer(815301076,1909f56bfc062723c751e8b465ee728b)
Start importing Assets/Fonts/Roboto/Roboto-Medium.ttf using Guid(338b9c254d433482495028ed377884b7) Importer(815301076,1909f56bfc062723c751e8b465ee728b)  -> (artifact id: '16620752a59339b87e2a012a22be189f') in 0.023913 seconds
  Import took 0.034863 seconds .

========================================================================
Received Import Request.
  Time since last request: 0.000404 seconds.
  path: Assets/Fonts/Roboto/Roboto-MediumItalic.ttf
  artifactKey: Guid(935e90b532b2f4082bf470dd82fe75c7) Importer(815301076,1909f56bfc062723c751e8b465ee728b)
Start importing Assets/Fonts/Roboto/Roboto-MediumItalic.ttf using Guid(935e90b532b2f4082bf470dd82fe75c7) Importer(815301076,1909f56bfc062723c751e8b465ee728b)  -> (artifact id: 'dcdabaf419b4d02b2765ceeed47fc0e7') in 0.040707 seconds
  Import took 0.052451 seconds .

========================================================================
Received Import Request.
  Time since last request: 0.000380 seconds.
  path: Assets/Fonts/Roboto/Roboto-ThinItalic.ttf
  artifactKey: Guid(140354a86c9bc4798aab44ea8e790325) Importer(815301076,1909f56bfc062723c751e8b465ee728b)
Start importing Assets/Fonts/Roboto/Roboto-ThinItalic.ttf using Guid(140354a86c9bc4798aab44ea8e790325) Importer(815301076,1909f56bfc062723c751e8b465ee728b)  -> (artifact id: '32624698852da27673ff95dca9ca7c52') in 0.030578 seconds
  Import took 0.043061 seconds .

========================================================================
Received Import Request.
  Time since last request: 0.000334 seconds.
  path: Assets/Fonts/Roboto/Roboto-BoldItalic.ttf
  artifactKey: Guid(4faf48ac16d6247e49c8ec5174d72a98) Importer(815301076,1909f56bfc062723c751e8b465ee728b)
Start importing Assets/Fonts/Roboto/Roboto-BoldItalic.ttf using Guid(4faf48ac16d6247e49c8ec5174d72a98) Importer(815301076,1909f56bfc062723c751e8b465ee728b)  -> (artifact id: '37659d4c4c0c7ce68bfeac1774a19066') in 0.030747 seconds
  Import took 0.038491 seconds .

========================================================================
Received Import Request.
  Time since last request: 0.000352 seconds.
  path: Assets/Fonts/Roboto/Roboto-Black.ttf
  artifactKey: Guid(af63cecaf8e6f490ebdd1cfa6784794a) Importer(815301076,1909f56bfc062723c751e8b465ee728b)
Start importing Assets/Fonts/Roboto/Roboto-Black.ttf using Guid(af63cecaf8e6f490ebdd1cfa6784794a) Importer(815301076,1909f56bfc062723c751e8b465ee728b)  -> (artifact id: '637a6ffe6fbc06768af13efa907ff2eb') in 0.021298 seconds
  Import took 0.026164 seconds .

========================================================================
Received Import Request.
  Time since last request: 0.000430 seconds.
  path: Assets/Fonts/Roboto/Roboto-Light.ttf
  artifactKey: Guid(1bc1d547882604ccc821707b6937b513) Importer(815301076,1909f56bfc062723c751e8b465ee728b)
Start importing Assets/Fonts/Roboto/Roboto-Light.ttf using Guid(1bc1d547882604ccc821707b6937b513) Importer(815301076,1909f56bfc062723c751e8b465ee728b)  -> (artifact id: 'a96bfbd46aba69c97cb68e1856983896') in 0.021361 seconds
  Import took 0.029560 seconds .

========================================================================
Received Prepare
Registering precompiled user dll's ...
Registered in 0.008134 seconds.
Begin MonoManager ReloadAssembly
Native extension for OSXStandalone target not found
Refreshing native plugins compatible for Editor in 1.21 ms, found 2 plugins.
Preloading 0 native plugins for Editor in 0.00 ms.
Mono: successfully reloaded assembly
- Completed reload, in  2.187 seconds
Platform modules already initialized, skipping
Switching build target platform(2) subTarget(0) extendedPlatform(0) -> platform(13) subTarget(537395200) extendedPlatform(0)
Refreshing native plugins compatible for Editor in 1.93 ms, found 2 plugins.
Preloading 0 native plugins for Editor in 0.00 ms.
Unloading 2063 Unused Serialized files (Serialized files now loaded: 0)
System memory in use before: 190.3 MB.
System memory in use after: 190.4 MB.

Unloading 55 unused Assets to reduce memory usage. Loaded Objects now: 2564.
Total: 3.230722 ms (FindLiveObjects: 0.362919 ms CreateObjectMapping: 0.112466 ms MarkObjects: 2.533686 ms  DeleteObjects: 0.219407 ms)

AssetImportParameters requested are different than current active one (requested -> active):
  custom:graphics/normal-map-encoding: 01000000000000000000000000000000 -> 02000000000000000000000000000000
========================================================================
Received Import Request.
  Time since last request: 206.925830 seconds.
  path: ProjectSettings/TagManager.asset
  artifactKey: Guid(00000000000000003000000000000000) Importer(815301076,1909f56bfc062723c751e8b465ee728b)
Start importing ProjectSettings/TagManager.asset using Guid(00000000000000003000000000000000) Importer(815301076,1909f56bfc062723c751e8b465ee728b)  -> (artifact id: '2ae0e6794ec2c66fdc9584f3d5e7656d') in 2.064701 seconds
  Import took 2.076394 seconds .

========================================================================
Received Prepare
Registering precompiled user dll's ...
Registered in 0.011910 seconds.
Begin MonoManager ReloadAssembly
Native extension for OSXStandalone target not found
Refreshing native plugins compatible for Editor in 1.41 ms, found 2 plugins.
Preloading 0 native plugins for Editor in 0.00 ms.
Mono: successfully reloaded assembly
- Completed reload, in  2.051 seconds
Platform modules already initialized, skipping
Switching build target platform(2) subTarget(0) extendedPlatform(0) -> platform(13) subTarget(537395200) extendedPlatform(0)
Refreshing native plugins compatible for Editor in 0.90 ms, found 2 plugins.
Preloading 0 native plugins for Editor in 0.00 ms.
Unloading 2063 Unused Serialized files (Serialized files now loaded: 0)
System memory in use before: 194.8 MB.
System memory in use after: 194.9 MB.

Unloading 56 unused Assets to reduce memory usage. Loaded Objects now: 2567.
Total: 2.815336 ms (FindLiveObjects: 0.399959 ms CreateObjectMapping: 0.083765 ms MarkObjects: 2.191519 ms  DeleteObjects: 0.138910 ms)

AssetImportParameters requested are different than current active one (requested -> active):
  custom:graphics/normal-map-encoding: 01000000000000000000000000000000 -> 02000000000000000000000000000000
========================================================================
Received Prepare
Registering precompiled user dll's ...
Registered in 0.011120 seconds.
Begin MonoManager ReloadAssembly
Native extension for OSXStandalone target not found
Refreshing native plugins compatible for Editor in 1.04 ms, found 2 plugins.
Preloading 0 native plugins for Editor in 0.00 ms.
Mono: successfully reloaded assembly
- Completed reload, in  3.045 seconds
Platform modules already initialized, skipping
Switching build target platform(2) subTarget(0) extendedPlatform(0) -> platform(13) subTarget(537395200) extendedPlatform(0)
Refreshing native plugins compatible for Editor in 1.80 ms, found 2 plugins.
Preloading 0 native plugins for Editor in 0.00 ms.
Unloading 2063 Unused Serialized files (Serialized files now loaded: 0)
System memory in use before: 195.0 MB.
System memory in use after: 195.0 MB.

Unloading 55 unused Assets to reduce memory usage. Loaded Objects now: 2570.
Total: 4.820997 ms (FindLiveObjects: 0.594655 ms CreateObjectMapping: 0.145401 ms MarkObjects: 3.547010 ms  DeleteObjects: 0.531635 ms)

AssetImportParameters requested are different than current active one (requested -> active):
  custom:graphics/normal-map-encoding: 01000000000000000000000000000000 -> 02000000000000000000000000000000
========================================================================
Received Prepare
Registering precompiled user dll's ...
Registered in 0.012208 seconds.
Begin MonoManager ReloadAssembly
Native extension for OSXStandalone target not found
Refreshing native plugins compatible for Editor in 1.10 ms, found 2 plugins.
Preloading 0 native plugins for Editor in 0.00 ms.
Mono: successfully reloaded assembly
- Completed reload, in  2.135 seconds
Platform modules already initialized, skipping
Switching build target platform(2) subTarget(0) extendedPlatform(0) -> platform(13) subTarget(537395200) extendedPlatform(0)
Refreshing native plugins compatible for Editor in 0.92 ms, found 2 plugins.
Preloading 0 native plugins for Editor in 0.00 ms.
Unloading 2063 Unused Serialized files (Serialized files now loaded: 0)
System memory in use before: 195.1 MB.
System memory in use after: 195.1 MB.

Unloading 55 unused Assets to reduce memory usage. Loaded Objects now: 2573.
Total: 3.057289 ms (FindLiveObjects: 0.391400 ms CreateObjectMapping: 0.091896 ms MarkObjects: 2.426635 ms  DeleteObjects: 0.145911 ms)

AssetImportParameters requested are different than current active one (requested -> active):
  custom:graphics/normal-map-encoding: 01000000000000000000000000000000 -> 02000000000000000000000000000000
========================================================================
Received Import Request.
  Time since last request: 915.137082 seconds.
  path: ProjectSettings/TagManager.asset
  artifactKey: Guid(00000000000000003000000000000000) Importer(815301076,1909f56bfc062723c751e8b465ee728b)
Start importing ProjectSettings/TagManager.asset using Guid(00000000000000003000000000000000) Importer(815301076,1909f56bfc062723c751e8b465ee728b)  -> (artifact id: 'f15c829e5b1fe3adc27c436c94220d4a') in 0.031666 seconds
  Import took 0.041556 seconds .

========================================================================
Received Prepare
Registering precompiled user dll's ...
Registered in 0.010828 seconds.
Begin MonoManager ReloadAssembly
Native extension for OSXStandalone target not found
Refreshing native plugins compatible for Editor in 0.97 ms, found 2 plugins.
Preloading 0 native plugins for Editor in 0.00 ms.
Mono: successfully reloaded assembly
- Completed reload, in  2.324 seconds
Platform modules already initialized, skipping
Switching build target platform(2) subTarget(0) extendedPlatform(0) -> platform(13) subTarget(537395200) extendedPlatform(0)
Refreshing native plugins compatible for Editor in 0.89 ms, found 2 plugins.
Preloading 0 native plugins for Editor in 0.00 ms.
Unloading 2063 Unused Serialized files (Serialized files now loaded: 0)
System memory in use before: 195.3 MB.
System memory in use after: 195.4 MB.

Unloading 56 unused Assets to reduce memory usage. Loaded Objects now: 2576.
Total: 2.972430 ms (FindLiveObjects: 0.385614 ms CreateObjectMapping: 0.089582 ms MarkObjects: 2.350780 ms  DeleteObjects: 0.145155 ms)

AssetImportParameters requested are different than current active one (requested -> active):
  custom:graphics/normal-map-encoding: 01000000000000000000000000000000 -> 02000000000000000000000000000000
========================================================================
Received Prepare
Refreshing native plugins compatible for Editor in 35.48 ms, found 2 plugins.
Preloading 0 native plugins for Editor in 0.00 ms.
Unloading 53 Unused Serialized files (Serialized files now loaded: 0)
System memory in use before: 156.2 MB.
System memory in use after: 156.3 MB.

Unloading 53 unused Assets to reduce memory usage. Loaded Objects now: 2576.
Total: 46.432875 ms (FindLiveObjects: 5.500440 ms CreateObjectMapping: 0.406260 ms MarkObjects: 40.299238 ms  DeleteObjects: 0.225178 ms)

========================================================================
Received Prepare
Registering precompiled user dll's ...
Registered in 0.009717 seconds.
Begin MonoManager ReloadAssembly
Native extension for OSXStandalone target not found
Refreshing native plugins compatible for Editor in 1.35 ms, found 2 plugins.
Preloading 0 native plugins for Editor in 0.00 ms.
Mono: successfully reloaded assembly
- Completed reload, in  2.502 seconds
Platform modules already initialized, skipping
Switching build target platform(2) subTarget(0) extendedPlatform(0) -> platform(13) subTarget(537395200) extendedPlatform(0)
Refreshing native plugins compatible for Editor in 1.74 ms, found 2 plugins.
Preloading 0 native plugins for Editor in 0.00 ms.
Unloading 2063 Unused Serialized files (Serialized files now loaded: 0)
System memory in use before: 195.6 MB.
System memory in use after: 195.7 MB.

Unloading 55 unused Assets to reduce memory usage. Loaded Objects now: 2579.
Total: 26.697315 ms (FindLiveObjects: 7.640338 ms CreateObjectMapping: 0.378175 ms MarkObjects: 17.945252 ms  DeleteObjects: 0.731094 ms)

AssetImportParameters requested are different than current active one (requested -> active):
  custom:graphics/normal-map-encoding: 01000000000000000000000000000000 -> 02000000000000000000000000000000
========================================================================
Received Prepare
Registering precompiled user dll's ...
Registered in 0.007344 seconds.
Begin MonoManager ReloadAssembly
Native extension for OSXStandalone target not found
Refreshing native plugins compatible for Editor in 1.23 ms, found 2 plugins.
Preloading 0 native plugins for Editor in 0.00 ms.
Mono: successfully reloaded assembly
- Completed reload, in  2.116 seconds
Platform modules already initialized, skipping
Switching build target platform(2) subTarget(0) extendedPlatform(0) -> platform(13) subTarget(537395200) extendedPlatform(0)
Refreshing native plugins compatible for Editor in 1.01 ms, found 2 plugins.
Preloading 0 native plugins for Editor in 0.00 ms.
Unloading 2063 Unused Serialized files (Serialized files now loaded: 0)
System memory in use before: 195.8 MB.
System memory in use after: 195.8 MB.

Unloading 55 unused Assets to reduce memory usage. Loaded Objects now: 2582.
Total: 3.279665 ms (FindLiveObjects: 0.371647 ms CreateObjectMapping: 0.169011 ms MarkObjects: 2.607391 ms  DeleteObjects: 0.129783 ms)

AssetImportParameters requested are different than current active one (requested -> active):
  custom:graphics/normal-map-encoding: 01000000000000000000000000000000 -> 02000000000000000000000000000000
========================================================================
Received Import Request.
  Time since last request: 733.337500 seconds.
  path: Assets/Scenes/Menu.unity
  artifactKey: Guid(89af6152be9f16d4b90da49b96b8df52) Importer(815301076,1909f56bfc062723c751e8b465ee728b)
Start importing Assets/Scenes/Menu.unity using Guid(89af6152be9f16d4b90da49b96b8df52) Importer(815301076,1909f56bfc062723c751e8b465ee728b)  -> (artifact id: '6aebcc98535614a34229eff00d0967a0') in 0.028752 seconds
  Import took 0.044991 seconds .

========================================================================
Received Prepare
Refreshing native plugins compatible for Editor in 200.87 ms, found 2 plugins.
Preloading 0 native plugins for Editor in 0.00 ms.
Unloading 53 Unused Serialized files (Serialized files now loaded: 0)
System memory in use before: 156.8 MB.
System memory in use after: 156.9 MB.

Unloading 53 unused Assets to reduce memory usage. Loaded Objects now: 2582.
Total: 102.002158 ms (FindLiveObjects: 14.893615 ms CreateObjectMapping: 0.230487 ms MarkObjects: 86.242069 ms  DeleteObjects: 0.633046 ms)

========================================================================
Received Prepare
Registering precompiled user dll's ...
Registered in 0.023505 seconds.
Begin MonoManager ReloadAssembly
Native extension for OSXStandalone target not found
Refreshing native plugins compatible for Editor in 3.04 ms, found 2 plugins.
Preloading 0 native plugins for Editor in 0.00 ms.
Mono: successfully reloaded assembly
- Completed reload, in  3.341 seconds
Platform modules already initialized, skipping
Switching build target platform(2) subTarget(0) extendedPlatform(0) -> platform(13) subTarget(537395200) extendedPlatform(0)
Refreshing native plugins compatible for Editor in 1.32 ms, found 2 plugins.
Preloading 0 native plugins for Editor in 0.00 ms.
Unloading 2063 Unused Serialized files (Serialized files now loaded: 0)
System memory in use before: 196.0 MB.
System memory in use after: 196.1 MB.

Unloading 55 unused Assets to reduce memory usage. Loaded Objects now: 2585.
Total: 4.418320 ms (FindLiveObjects: 0.506107 ms CreateObjectMapping: 0.239937 ms MarkObjects: 3.470566 ms  DeleteObjects: 0.199961 ms)

AssetImportParameters requested are different than current active one (requested -> active):
  custom:graphics/normal-map-encoding: 01000000000000000000000000000000 -> 02000000000000000000000000000000
========================================================================
Received Import Request.
  Time since last request: 1046.680957 seconds.
  path: Assets/Scenes/Game.unity
  artifactKey: Guid(2cda990e2423bbf4892e6590ba056729) Importer(815301076,1909f56bfc062723c751e8b465ee728b)
Start importing Assets/Scenes/Game.unity using Guid(2cda990e2423bbf4892e6590ba056729) Importer(815301076,1909f56bfc062723c751e8b465ee728b)  -> (artifact id: '1971285e3ac9c8a3fbe6a6e690db8b72') in 0.026524 seconds
  Import took 0.045798 seconds .

========================================================================
Received Import Request.
  Time since last request: 0.003568 seconds.
  path: Assets/Scenes/Tutorial.unity
  artifactKey: Guid(3f6558a3194bf2a46b57940d0463f75c) Importer(815301076,1909f56bfc062723c751e8b465ee728b)
Start importing Assets/Scenes/Tutorial.unity using Guid(3f6558a3194bf2a46b57940d0463f75c) Importer(815301076,1909f56bfc062723c751e8b465ee728b)  -> (artifact id: '14f80e21f3443e20e301a9c4dfda577e') in 0.003598 seconds
  Import took 0.009148 seconds .

========================================================================
Received Prepare
Registering precompiled user dll's ...
Registered in 0.010961 seconds.
Begin MonoManager ReloadAssembly
Native extension for OSXStandalone target not found
Refreshing native plugins compatible for Editor in 2.52 ms, found 2 plugins.
Preloading 0 native plugins for Editor in 0.00 ms.
Mono: successfully reloaded assembly
- Completed reload, in  3.090 seconds
Platform modules already initialized, skipping
Switching build target platform(2) subTarget(0) extendedPlatform(0) -> platform(13) subTarget(537395200) extendedPlatform(0)
Refreshing native plugins compatible for Editor in 1.00 ms, found 2 plugins.
Preloading 0 native plugins for Editor in 0.00 ms.
Unloading 2063 Unused Serialized files (Serialized files now loaded: 0)
System memory in use before: 196.1 MB.
System memory in use after: 196.2 MB.

Unloading 55 unused Assets to reduce memory usage. Loaded Objects now: 2588.
Total: 5.968891 ms (FindLiveObjects: 0.603611 ms CreateObjectMapping: 0.370791 ms MarkObjects: 2.816707 ms  DeleteObjects: 2.176094 ms)

AssetImportParameters requested are different than current active one (requested -> active):
  custom:graphics/normal-map-encoding: 01000000000000000000000000000000 -> 02000000000000000000000000000000
========================================================================
Received Prepare
Registering precompiled user dll's ...
Registered in 0.007902 seconds.
Begin MonoManager ReloadAssembly
Native extension for OSXStandalone target not found
Refreshing native plugins compatible for Editor in 0.96 ms, found 2 plugins.
Preloading 0 native plugins for Editor in 0.00 ms.
Mono: successfully reloaded assembly
- Completed reload, in  1.966 seconds
Platform modules already initialized, skipping
Switching build target platform(2) subTarget(0) extendedPlatform(0) -> platform(13) subTarget(537395200) extendedPlatform(0)
Refreshing native plugins compatible for Editor in 0.89 ms, found 2 plugins.
Preloading 0 native plugins for Editor in 0.00 ms.
Unloading 2063 Unused Serialized files (Serialized files now loaded: 0)
System memory in use before: 196.4 MB.
System memory in use after: 196.5 MB.

Unloading 55 unused Assets to reduce memory usage. Loaded Objects now: 2591.
Total: 2.835677 ms (FindLiveObjects: 0.253740 ms CreateObjectMapping: 0.081534 ms MarkObjects: 2.372816 ms  DeleteObjects: 0.126262 ms)

AssetImportParameters requested are different than current active one (requested -> active):
  custom:graphics/normal-map-encoding: 01000000000000000000000000000000 -> 02000000000000000000000000000000
