Using pre-set license

 COMMAND LINE ARGUMENTS:
/Applications/Unity/Hub/Editor/2020.3.11f1/Unity.app/Contents/MacOS/Unity
-adb2
-batchMode
-noUpm
-name
AssetImportWorker0
-projectPath
/Users/kuba/Documents/gravity/Gravity
-logFile
Logs/AssetImportWorker0.log
-srvPort
54559
Successfully changed project path to: /Users/kuba/Documents/gravity/Gravity
/Users/kuba/Documents/gravity/Gravity
Using Asset Import Pipeline V2.
Refreshing native plugins compatible for Editor in 196.41 ms, found 2 plugins.
Preloading 0 native plugins for Editor in 0.00 ms.
Initialize engine version: 2020.3.11f1 (99c7afb366b3)
[Subsystems] Discovering subsystems at path /Applications/Unity/Hub/Editor/2020.3.11f1/Unity.app/Contents/Resources/UnitySubsystems
[Subsystems] Discovering subsystems at path /Users/kuba/Documents/gravity/Gravity/Assets
GfxDevice: creating device client; threaded=0
2021-06-11 23:13:28.000 Unity[6839:272440] Color LCD preferred device: Intel(R) Iris(TM) Graphics 6000 (low power)
2021-06-11 23:13:28.001 Unity[6839:272440] Metal devices available: 1
2021-06-11 23:13:28.001 Unity[6839:272440] 0: Intel(R) Iris(TM) Graphics 6000 (low power)
2021-06-11 23:13:28.001 Unity[6839:272440] Using device Intel(R) Iris(TM) Graphics 6000 (low power)
Initializing Metal device caps: Intel(R) Iris(TM) Graphics 6000
Initialize mono
Mono path[0] = '/Applications/Unity/Hub/Editor/2020.3.11f1/Unity.app/Contents/Managed'
Mono path[1] = '/Applications/Unity/Hub/Editor/2020.3.11f1/Unity.app/Contents/MonoBleedingEdge/lib/mono/unityjit'
Mono config path = '/Applications/Unity/Hub/Editor/2020.3.11f1/Unity.app/Contents/MonoBleedingEdge/etc'
Using monoOptions --debugger-agent=transport=dt_socket,embedding=1,server=y,suspend=n,address=127.0.0.1:56839
Begin MonoManager ReloadAssembly
Registering precompiled unity dll's ...
Register platform support module: /Applications/Unity/Hub/Editor/2020.3.11f1/Unity.app/Contents/PlaybackEngines/MacStandaloneSupport/UnityEditor.OSXStandalone.Extensions.dll
Registered in 0.006913 seconds.
Native extension for OSXStandalone target not found
Refreshing native plugins compatible for Editor in 85.46 ms, found 2 plugins.
Preloading 0 native plugins for Editor in 0.00 ms.
Mono: successfully reloaded assembly
- Completed reload, in 20.009 seconds
Platform modules already initialized, skipping
Registering precompiled user dll's ...
Registered in 0.038808 seconds.
