Using pre-set license

 COMMAND LINE ARGUMENTS:
/Applications/Unity/Hub/Editor/2020.3.11f1/Unity.app/Contents/MacOS/Unity
-adb2
-batchMode
-noUpm
-name
AssetImportWorker1
-projectPath
/Users/kuba/Documents/gravity/Gravity
-logFile
Logs/AssetImportWorker1.log
-srvPort
49931
Successfully changed project path to: /Users/kuba/Documents/gravity/Gravity
/Users/kuba/Documents/gravity/Gravity
Using Asset Import Pipeline V2.
Refreshing native plugins compatible for Editor in 246.39 ms, found 2 plugins.
Preloading 0 native plugins for Editor in 0.00 ms.
Initialize engine version: 2020.3.11f1 (99c7afb366b3)
[Subsystems] Discovering subsystems at path /Applications/Unity/Hub/Editor/2020.3.11f1/Unity.app/Contents/Resources/UnitySubsystems
[Subsystems] Discovering subsystems at path /Users/kuba/Documents/gravity/Gravity/Assets
GfxDevice: creating device client; threaded=0
2021-06-30 17:39:35.733 Unity[1435:40550] Color LCD preferred device: Intel(R) Iris(TM) Graphics 6000 (low power)
2021-06-30 17:39:35.733 Unity[1435:40550] Metal devices available: 1
2021-06-30 17:39:35.734 Unity[1435:40550] 0: Intel(R) Iris(TM) Graphics 6000 (low power)
2021-06-30 17:39:35.734 Unity[1435:40550] Using device Intel(R) Iris(TM) Graphics 6000 (low power)
Initializing Metal device caps: Intel(R) Iris(TM) Graphics 6000
Initialize mono
Mono path[0] = '/Applications/Unity/Hub/Editor/2020.3.11f1/Unity.app/Contents/Managed'
Mono path[1] = '/Applications/Unity/Hub/Editor/2020.3.11f1/Unity.app/Contents/MonoBleedingEdge/lib/mono/unityjit'
Mono config path = '/Applications/Unity/Hub/Editor/2020.3.11f1/Unity.app/Contents/MonoBleedingEdge/etc'
Using monoOptions --debugger-agent=transport=dt_socket,embedding=1,server=y,suspend=n,address=127.0.0.1:56435
Begin MonoManager ReloadAssembly
Registering precompiled unity dll's ...
Register platform support module: /Applications/Unity/Hub/Editor/2020.3.11f1/Unity.app/Contents/PlaybackEngines/MacStandaloneSupport/UnityEditor.OSXStandalone.Extensions.dll
Registered in 0.007358 seconds.
Native extension for OSXStandalone target not found
Refreshing native plugins compatible for Editor in 63.89 ms, found 2 plugins.
Preloading 0 native plugins for Editor in 0.00 ms.
Mono: successfully reloaded assembly
- Completed reload, in  7.729 seconds
Platform modules already initialized, skipping
Registering precompiled user dll's ...
Registered in 0.035608 seconds.
Begin MonoManager ReloadAssembly
Native extension for OSXStandalone target not found
Refreshing native plugins compatible for Editor in 1.15 ms, found 2 plugins.
Preloading 0 native plugins for Editor in 0.00 ms.
Mono: successfully reloaded assembly
- Completed reload, in  2.868 seconds
Platform modules already initialized, skipping
========================================================================
Worker process is ready to serve import requests
Launching external process: /Applications/Unity/Hub/Editor/2020.3.11f1/Unity.app/Contents/Tools/UnityShaderCompiler
Launched and connected shader compiler UnityShaderCompiler after 0.07 seconds
Refreshing native plugins compatible for Editor in 1.73 ms, found 2 plugins.
Preloading 0 native plugins for Editor in 0.00 ms.
Unloading 2111 Unused Serialized files (Serialized files now loaded: 0)
System memory in use before: 174.4 MB.
System memory in use after: 174.4 MB.

Unloading 64 unused Assets to reduce memory usage. Loaded Objects now: 2513.
Total: 11.806348 ms (FindLiveObjects: 3.875123 ms CreateObjectMapping: 0.285705 ms MarkObjects: 7.239861 ms  DeleteObjects: 0.402644 ms)

========================================================================
Received Import Request.
  path: Assets/Images/coin.png
  artifactKey: Guid(b5e9fa728c47248f3be5cbac7b916aac) Importer(815301076,1909f56bfc062723c751e8b465ee728b)
Start importing Assets/Images/coin.png using Guid(b5e9fa728c47248f3be5cbac7b916aac) Importer(815301076,1909f56bfc062723c751e8b465ee728b)  -> (artifact id: '7e57df83f74d32d27f09333e9adf351f') in 1.895703 seconds
  Import took 1.902927 seconds .

========================================================================
Received Import Request.
  Time since last request: 365.884787 seconds.
  path: ProjectSettings/TagManager.asset
  artifactKey: Guid(00000000000000003000000000000000) Importer(815301076,1909f56bfc062723c751e8b465ee728b)
Start importing ProjectSettings/TagManager.asset using Guid(00000000000000003000000000000000) Importer(815301076,1909f56bfc062723c751e8b465ee728b)  -> (artifact id: 'bbf174ab594a1cc429c01d95c9eae71b') in 1.968555 seconds
  Import took 1.976694 seconds .

========================================================================
Received Import Request.
  Time since last request: 154.014113 seconds.
  path: Assets/Images/shop.png
  artifactKey: Guid(f1d525413793743169309abb1e24b72d) Importer(815301076,1909f56bfc062723c751e8b465ee728b)
Start importing Assets/Images/shop.png using Guid(f1d525413793743169309abb1e24b72d) Importer(815301076,1909f56bfc062723c751e8b465ee728b)  -> (artifact id: 'e4a23afb4d5451ec38b7c7e0682ee4f0') in 0.033603 seconds
  Import took 0.044981 seconds .

========================================================================
Received Import Request.
  Time since last request: 134.776894 seconds.
  path: ProjectSettings/TagManager.asset
  artifactKey: Guid(00000000000000003000000000000000) Importer(815301076,1909f56bfc062723c751e8b465ee728b)
Start importing ProjectSettings/TagManager.asset using Guid(00000000000000003000000000000000) Importer(815301076,1909f56bfc062723c751e8b465ee728b)  -> (artifact id: '286d2119f1b32e9d1492af4757be7869') in 0.012118 seconds
  Import took 0.018117 seconds .

========================================================================
Received Import Request.
  Time since last request: 0.009575 seconds.
  path: ProjectSettings/TagManager.asset
  artifactKey: Guid(00000000000000003000000000000000) Importer(815301076,1909f56bfc062723c751e8b465ee728b)
Start importing ProjectSettings/TagManager.asset using Guid(00000000000000003000000000000000) Importer(815301076,1909f56bfc062723c751e8b465ee728b)  -> (artifact id: '286d2119f1b32e9d1492af4757be7869') in 0.004102 seconds
  Import took 0.008896 seconds .

========================================================================
Received Import Request.
  Time since last request: 32.488712 seconds.
  path: Assets/Scripts/Menu/MenuController.cs
  artifactKey: Guid(08670228662e4ed4984ec8926cf5fcc0) Importer(815301076,1909f56bfc062723c751e8b465ee728b)
Start importing Assets/Scripts/Menu/MenuController.cs using Guid(08670228662e4ed4984ec8926cf5fcc0) Importer(815301076,1909f56bfc062723c751e8b465ee728b)  -> (artifact id: '0d5efc08cbfa40b2a0b13176cc87b6b5') in 0.753824 seconds
  Import took 0.771184 seconds .

========================================================================
Received Prepare
Registering precompiled user dll's ...
Registered in 0.011401 seconds.
Begin MonoManager ReloadAssembly
Native extension for OSXStandalone target not found
Refreshing native plugins compatible for Editor in 0.94 ms, found 2 plugins.
Preloading 0 native plugins for Editor in 0.00 ms.
Mono: successfully reloaded assembly
- Completed reload, in  2.149 seconds
Platform modules already initialized, skipping
Switching build target platform(2) subTarget(0) extendedPlatform(0) -> platform(13) subTarget(537395200) extendedPlatform(0)
Refreshing native plugins compatible for Editor in 1.68 ms, found 2 plugins.
Preloading 0 native plugins for Editor in 0.00 ms.
Unloading 2064 Unused Serialized files (Serialized files now loaded: 0)
System memory in use before: 185.6 MB.
System memory in use after: 185.6 MB.

Unloading 58 unused Assets to reduce memory usage. Loaded Objects now: 2522.
Total: 19.043380 ms (FindLiveObjects: 6.431251 ms CreateObjectMapping: 0.356548 ms MarkObjects: 12.021910 ms  DeleteObjects: 0.231017 ms)

AssetImportParameters requested are different than current active one (requested -> active):
  custom:graphics/normal-map-encoding: 01000000000000000000000000000000 -> 02000000000000000000000000000000
========================================================================
Received Import Request.
  Time since last request: 213.767461 seconds.
  path: Assets/Scripts/Menu/MenuController.cs
  artifactKey: Guid(08670228662e4ed4984ec8926cf5fcc0) Importer(815301076,1909f56bfc062723c751e8b465ee728b)
Start importing Assets/Scripts/Menu/MenuController.cs using Guid(08670228662e4ed4984ec8926cf5fcc0) Importer(815301076,1909f56bfc062723c751e8b465ee728b)  -> (artifact id: '5854c8c88b2876bcffcc8bd4ff47f58b') in 0.030946 seconds
  Import took 0.042013 seconds .

========================================================================
Received Import Request.
  Time since last request: 0.045040 seconds.
  path: Assets/Scripts/Menu/MenuController.cs
  artifactKey: Guid(08670228662e4ed4984ec8926cf5fcc0) Importer(815301076,1909f56bfc062723c751e8b465ee728b)
Start importing Assets/Scripts/Menu/MenuController.cs using Guid(08670228662e4ed4984ec8926cf5fcc0) Importer(815301076,1909f56bfc062723c751e8b465ee728b)  -> (artifact id: '5854c8c88b2876bcffcc8bd4ff47f58b') in 0.003920 seconds
  Import took 0.018163 seconds .

========================================================================
Received Prepare
Registering precompiled user dll's ...
Registered in 0.017504 seconds.
Begin MonoManager ReloadAssembly
Native extension for OSXStandalone target not found
Refreshing native plugins compatible for Editor in 2.00 ms, found 2 plugins.
Preloading 0 native plugins for Editor in 0.00 ms.
Mono: successfully reloaded assembly
- Completed reload, in  3.067 seconds
Platform modules already initialized, skipping
Switching build target platform(2) subTarget(0) extendedPlatform(0) -> platform(13) subTarget(537395200) extendedPlatform(0)
Refreshing native plugins compatible for Editor in 0.87 ms, found 2 plugins.
Preloading 0 native plugins for Editor in 0.00 ms.
Unloading 2064 Unused Serialized files (Serialized files now loaded: 0)
System memory in use before: 185.8 MB.
System memory in use after: 185.9 MB.

Unloading 55 unused Assets to reduce memory usage. Loaded Objects now: 2525.
Total: 2.864670 ms (FindLiveObjects: 0.280550 ms CreateObjectMapping: 0.141432 ms MarkObjects: 2.339732 ms  DeleteObjects: 0.101780 ms)

AssetImportParameters requested are different than current active one (requested -> active):
  custom:graphics/normal-map-encoding: 01000000000000000000000000000000 -> 02000000000000000000000000000000
========================================================================
Received Prepare
Registering precompiled user dll's ...
Registered in 0.008148 seconds.
Begin MonoManager ReloadAssembly
Native extension for OSXStandalone target not found
Refreshing native plugins compatible for Editor in 0.91 ms, found 2 plugins.
Preloading 0 native plugins for Editor in 0.00 ms.
Mono: successfully reloaded assembly
- Completed reload, in  1.669 seconds
Platform modules already initialized, skipping
Switching build target platform(2) subTarget(0) extendedPlatform(0) -> platform(13) subTarget(537395200) extendedPlatform(0)
Refreshing native plugins compatible for Editor in 1.00 ms, found 2 plugins.
Preloading 0 native plugins for Editor in 0.00 ms.
Unloading 2064 Unused Serialized files (Serialized files now loaded: 0)
System memory in use before: 186.1 MB.
System memory in use after: 186.1 MB.

Unloading 55 unused Assets to reduce memory usage. Loaded Objects now: 2528.
Total: 2.574056 ms (FindLiveObjects: 0.250631 ms CreateObjectMapping: 0.083736 ms MarkObjects: 2.133653 ms  DeleteObjects: 0.104507 ms)

AssetImportParameters requested are different than current active one (requested -> active):
  custom:graphics/normal-map-encoding: 01000000000000000000000000000000 -> 02000000000000000000000000000000
========================================================================
Received Prepare
Registering precompiled user dll's ...
Registered in 0.011836 seconds.
Begin MonoManager ReloadAssembly
Native extension for OSXStandalone target not found
Refreshing native plugins compatible for Editor in 0.94 ms, found 2 plugins.
Preloading 0 native plugins for Editor in 0.00 ms.
Mono: successfully reloaded assembly
- Completed reload, in  2.060 seconds
Platform modules already initialized, skipping
Switching build target platform(2) subTarget(0) extendedPlatform(0) -> platform(13) subTarget(537395200) extendedPlatform(0)
Refreshing native plugins compatible for Editor in 0.88 ms, found 2 plugins.
Preloading 0 native plugins for Editor in 0.00 ms.
Unloading 2064 Unused Serialized files (Serialized files now loaded: 0)
System memory in use before: 186.3 MB.
System memory in use after: 186.3 MB.

Unloading 55 unused Assets to reduce memory usage. Loaded Objects now: 2531.
Total: 2.552362 ms (FindLiveObjects: 0.251634 ms CreateObjectMapping: 0.083622 ms MarkObjects: 2.115080 ms  DeleteObjects: 0.100735 ms)

AssetImportParameters requested are different than current active one (requested -> active):
  custom:graphics/normal-map-encoding: 01000000000000000000000000000000 -> 02000000000000000000000000000000
========================================================================
Received Prepare
Registering precompiled user dll's ...
Registered in 0.017784 seconds.
Begin MonoManager ReloadAssembly
Native extension for OSXStandalone target not found
Refreshing native plugins compatible for Editor in 1.69 ms, found 2 plugins.
Preloading 0 native plugins for Editor in 0.00 ms.
Mono: successfully reloaded assembly
- Completed reload, in  1.905 seconds
Platform modules already initialized, skipping
Switching build target platform(2) subTarget(0) extendedPlatform(0) -> platform(13) subTarget(537395200) extendedPlatform(0)
Refreshing native plugins compatible for Editor in 0.93 ms, found 2 plugins.
Preloading 0 native plugins for Editor in 0.00 ms.
Unloading 2064 Unused Serialized files (Serialized files now loaded: 0)
System memory in use before: 186.4 MB.
System memory in use after: 186.4 MB.

Unloading 55 unused Assets to reduce memory usage. Loaded Objects now: 2534.
Total: 2.634283 ms (FindLiveObjects: 0.247769 ms CreateObjectMapping: 0.085764 ms MarkObjects: 2.201068 ms  DeleteObjects: 0.098476 ms)

AssetImportParameters requested are different than current active one (requested -> active):
  custom:graphics/normal-map-encoding: 01000000000000000000000000000000 -> 02000000000000000000000000000000
========================================================================
Received Prepare
Registering precompiled user dll's ...
Registered in 0.008346 seconds.
Begin MonoManager ReloadAssembly
Native extension for OSXStandalone target not found
Refreshing native plugins compatible for Editor in 1.07 ms, found 2 plugins.
Preloading 0 native plugins for Editor in 0.00 ms.
Mono: successfully reloaded assembly
- Completed reload, in  1.921 seconds
Platform modules already initialized, skipping
Switching build target platform(2) subTarget(0) extendedPlatform(0) -> platform(13) subTarget(537395200) extendedPlatform(0)
Refreshing native plugins compatible for Editor in 0.90 ms, found 2 plugins.
Preloading 0 native plugins for Editor in 0.00 ms.
Unloading 2064 Unused Serialized files (Serialized files now loaded: 0)
System memory in use before: 186.7 MB.
System memory in use after: 186.7 MB.

Unloading 55 unused Assets to reduce memory usage. Loaded Objects now: 2537.
Total: 3.693021 ms (FindLiveObjects: 0.644133 ms CreateObjectMapping: 0.141309 ms MarkObjects: 2.802095 ms  DeleteObjects: 0.100996 ms)

AssetImportParameters requested are different than current active one (requested -> active):
  custom:graphics/normal-map-encoding: 01000000000000000000000000000000 -> 02000000000000000000000000000000
========================================================================
Received Prepare
Registering precompiled user dll's ...
Registered in 0.008917 seconds.
Begin MonoManager ReloadAssembly
Native extension for OSXStandalone target not found
Refreshing native plugins compatible for Editor in 1.00 ms, found 2 plugins.
Preloading 0 native plugins for Editor in 0.00 ms.
Mono: successfully reloaded assembly
- Completed reload, in  1.797 seconds
Platform modules already initialized, skipping
Switching build target platform(2) subTarget(0) extendedPlatform(0) -> platform(13) subTarget(537395200) extendedPlatform(0)
Refreshing native plugins compatible for Editor in 0.97 ms, found 2 plugins.
Preloading 0 native plugins for Editor in 0.00 ms.
Unloading 2064 Unused Serialized files (Serialized files now loaded: 0)
System memory in use before: 186.9 MB.
System memory in use after: 186.9 MB.

Unloading 55 unused Assets to reduce memory usage. Loaded Objects now: 2540.
Total: 3.237146 ms (FindLiveObjects: 0.365797 ms CreateObjectMapping: 0.176709 ms MarkObjects: 2.580733 ms  DeleteObjects: 0.111128 ms)

AssetImportParameters requested are different than current active one (requested -> active):
  custom:graphics/normal-map-encoding: 01000000000000000000000000000000 -> 02000000000000000000000000000000
========================================================================
Received Prepare
Registering precompiled user dll's ...
Registered in 0.035276 seconds.
Begin MonoManager ReloadAssembly
Native extension for OSXStandalone target not found
Refreshing native plugins compatible for Editor in 1.11 ms, found 2 plugins.
Preloading 0 native plugins for Editor in 0.00 ms.
Mono: successfully reloaded assembly
- Completed reload, in  1.937 seconds
Platform modules already initialized, skipping
Switching build target platform(2) subTarget(0) extendedPlatform(0) -> platform(13) subTarget(537395200) extendedPlatform(0)
Refreshing native plugins compatible for Editor in 0.90 ms, found 2 plugins.
Preloading 0 native plugins for Editor in 0.00 ms.
Unloading 2064 Unused Serialized files (Serialized files now loaded: 0)
System memory in use before: 187.1 MB.
System memory in use after: 187.1 MB.

Unloading 55 unused Assets to reduce memory usage. Loaded Objects now: 2543.
Total: 2.816837 ms (FindLiveObjects: 0.252886 ms CreateObjectMapping: 0.084126 ms MarkObjects: 2.369533 ms  DeleteObjects: 0.108722 ms)

AssetImportParameters requested are different than current active one (requested -> active):
  custom:graphics/normal-map-encoding: 01000000000000000000000000000000 -> 02000000000000000000000000000000
========================================================================
Received Prepare
Registering precompiled user dll's ...
Registered in 0.029805 seconds.
Begin MonoManager ReloadAssembly
Native extension for OSXStandalone target not found
Refreshing native plugins compatible for Editor in 1.21 ms, found 2 plugins.
Preloading 0 native plugins for Editor in 0.00 ms.
Mono: successfully reloaded assembly
- Completed reload, in  3.034 seconds
Platform modules already initialized, skipping
Switching build target platform(2) subTarget(0) extendedPlatform(0) -> platform(13) subTarget(537395200) extendedPlatform(0)
Refreshing native plugins compatible for Editor in 0.88 ms, found 2 plugins.
Preloading 0 native plugins for Editor in 0.00 ms.
Unloading 2064 Unused Serialized files (Serialized files now loaded: 0)
System memory in use before: 187.3 MB.
System memory in use after: 187.3 MB.

Unloading 55 unused Assets to reduce memory usage. Loaded Objects now: 2546.
Total: 4.101858 ms (FindLiveObjects: 0.359379 ms CreateObjectMapping: 0.088990 ms MarkObjects: 3.502058 ms  DeleteObjects: 0.149726 ms)

AssetImportParameters requested are different than current active one (requested -> active):
  custom:graphics/normal-map-encoding: 01000000000000000000000000000000 -> 02000000000000000000000000000000
========================================================================
Received Prepare
Registering precompiled user dll's ...
Registered in 0.005528 seconds.
Begin MonoManager ReloadAssembly
Native extension for OSXStandalone target not found
Refreshing native plugins compatible for Editor in 1.18 ms, found 2 plugins.
Preloading 0 native plugins for Editor in 0.00 ms.
Mono: successfully reloaded assembly
- Completed reload, in  1.697 seconds
Platform modules already initialized, skipping
Switching build target platform(2) subTarget(0) extendedPlatform(0) -> platform(13) subTarget(537395200) extendedPlatform(0)
Refreshing native plugins compatible for Editor in 0.92 ms, found 2 plugins.
Preloading 0 native plugins for Editor in 0.00 ms.
Unloading 2064 Unused Serialized files (Serialized files now loaded: 0)
System memory in use before: 187.4 MB.
System memory in use after: 187.4 MB.

Unloading 55 unused Assets to reduce memory usage. Loaded Objects now: 2549.
Total: 2.736911 ms (FindLiveObjects: 0.253525 ms CreateObjectMapping: 0.082217 ms MarkObjects: 2.287379 ms  DeleteObjects: 0.112535 ms)

AssetImportParameters requested are different than current active one (requested -> active):
  custom:graphics/normal-map-encoding: 01000000000000000000000000000000 -> 02000000000000000000000000000000
========================================================================
Received Prepare
Registering precompiled user dll's ...
Registered in 0.016987 seconds.
Begin MonoManager ReloadAssembly
Native extension for OSXStandalone target not found
Refreshing native plugins compatible for Editor in 0.95 ms, found 2 plugins.
Preloading 0 native plugins for Editor in 0.00 ms.
Mono: successfully reloaded assembly
- Completed reload, in  2.121 seconds
Platform modules already initialized, skipping
Switching build target platform(2) subTarget(0) extendedPlatform(0) -> platform(13) subTarget(537395200) extendedPlatform(0)
Refreshing native plugins compatible for Editor in 0.89 ms, found 2 plugins.
Preloading 0 native plugins for Editor in 0.00 ms.
Unloading 2064 Unused Serialized files (Serialized files now loaded: 0)
System memory in use before: 187.7 MB.
System memory in use after: 187.7 MB.

Unloading 55 unused Assets to reduce memory usage. Loaded Objects now: 2552.
Total: 2.614623 ms (FindLiveObjects: 0.254617 ms CreateObjectMapping: 0.083530 ms MarkObjects: 2.167339 ms  DeleteObjects: 0.107986 ms)

AssetImportParameters requested are different than current active one (requested -> active):
  custom:graphics/normal-map-encoding: 01000000000000000000000000000000 -> 02000000000000000000000000000000
========================================================================
Received Prepare
Registering precompiled user dll's ...
Registered in 0.016761 seconds.
Begin MonoManager ReloadAssembly
Native extension for OSXStandalone target not found
Refreshing native plugins compatible for Editor in 0.95 ms, found 2 plugins.
Preloading 0 native plugins for Editor in 0.00 ms.
Mono: successfully reloaded assembly
- Completed reload, in  1.831 seconds
Platform modules already initialized, skipping
Switching build target platform(2) subTarget(0) extendedPlatform(0) -> platform(13) subTarget(537395200) extendedPlatform(0)
Refreshing native plugins compatible for Editor in 1.19 ms, found 2 plugins.
Preloading 0 native plugins for Editor in 0.00 ms.
Unloading 2064 Unused Serialized files (Serialized files now loaded: 0)
System memory in use before: 187.9 MB.
System memory in use after: 187.9 MB.

Unloading 55 unused Assets to reduce memory usage. Loaded Objects now: 2555.
Total: 2.683808 ms (FindLiveObjects: 0.282559 ms CreateObjectMapping: 0.085328 ms MarkObjects: 2.198100 ms  DeleteObjects: 0.116458 ms)

AssetImportParameters requested are different than current active one (requested -> active):
  custom:graphics/normal-map-encoding: 01000000000000000000000000000000 -> 02000000000000000000000000000000
========================================================================
Received Import Request.
  Time since last request: 632.050892 seconds.
  path: Assets/Scenes/Tutorial.unity
  artifactKey: Guid(3f6558a3194bf2a46b57940d0463f75c) Importer(815301076,1909f56bfc062723c751e8b465ee728b)
Start importing Assets/Scenes/Tutorial.unity using Guid(3f6558a3194bf2a46b57940d0463f75c) Importer(815301076,1909f56bfc062723c751e8b465ee728b)  -> (artifact id: '8997652f1ed62104d1776439bf041ee6') in 0.027633 seconds
  Import took 0.038073 seconds .

========================================================================
Received Prepare
Registering precompiled user dll's ...
Registered in 0.035087 seconds.
Begin MonoManager ReloadAssembly
